  cl : Command line warning D9035 : option 'Gm' has been deprecated and will be removed in a future release
  GSPlay.cpp
C:\Users\loana\Downloads\Programming_lesson_08 (1)\Programming\TrainingFramework\src\Helper\ThreadPool.h(37,13): warning C4477:  'printf' : format string '%d' requires an argument of type 'int', but variadic argument 1 has type 'std::thread::id'
C:\Users\loana\Downloads\Programming_lesson_08 (1)\Programming\Soloud\include\soloud.h(37,1): warning C4005:  'WIN32_LEAN_AND_MEAN': macro redefinition
C:\Users\loana\Downloads\Programming_lesson_08 (1)\Programming\Include\AMD\EGL\eglplatform.h(67): message :  see previous definition of 'WIN32_LEAN_AND_MEAN'
C:\Users\loana\Downloads\Programming_lesson_08 (1)\Programming\TrainingFramework\src\GameStates\GSPlay.cpp(42,86): warning C4244:  'argument': conversion from 'int' to 'GLfloat', possible loss of data
C:\Users\loana\Downloads\Programming_lesson_08 (1)\Programming\TrainingFramework\src\GameStates\GSPlay.cpp(42,55): warning C4244:  'argument': conversion from 'int' to 'GLfloat', possible loss of data
C:\Users\loana\Downloads\Programming_lesson_08 (1)\Programming\TrainingFramework\src\GameStates\GSPlay.cpp(49,82): warning C4244:  'argument': conversion from 'int' to 'GLfloat', possible loss of data
C:\Users\loana\Downloads\Programming_lesson_08 (1)\Programming\TrainingFramework\src\GameStates\GSPlay.cpp(49,51): warning C4244:  'argument': conversion from 'int' to 'GLfloat', possible loss of data
C:\Users\loana\Downloads\Programming_lesson_08 (1)\Programming\TrainingFramework\src\GameStates\GSPlay.cpp(50,92): warning C4244:  'argument': conversion from 'int' to 'GLfloat', possible loss of data
C:\Users\loana\Downloads\Programming_lesson_08 (1)\Programming\TrainingFramework\src\GameStates\GSPlay.cpp(50,61): warning C4244:  'argument': conversion from 'int' to 'GLfloat', possible loss of data
C:\Users\loana\Downloads\Programming_lesson_08 (1)\Programming\TrainingFramework\src\GameStates\GSPlay.cpp(147,39): warning C4244:  'argument': conversion from 'int' to 'GLfloat', possible loss of data
C:\Users\loana\Downloads\Programming_lesson_08 (1)\Programming\TrainingFramework\src\GameStates\GSPlay.cpp(147,36): warning C4244:  'argument': conversion from 'int' to 'GLfloat', possible loss of data
C:\Users\loana\Downloads\Programming_lesson_08 (1)\Programming\TrainingFramework\src\GameStates\GSPlay.cpp(165,24): warning C4305:  '=': truncation from 'double' to 'float'
C:\Users\loana\Downloads\Programming_lesson_08 (1)\Programming\TrainingFramework\src\GameStates\GSPlay.cpp(296,10): warning C4244:  '=': conversion from 'int' to 'GLfloat', possible loss of data
C:\Users\loana\Downloads\Programming_lesson_08 (1)\Programming\TrainingFramework\src\GameStates\GSPlay.cpp(328,10): warning C4244:  '=': conversion from 'int' to 'GLfloat', possible loss of data
C:\Program Files (x86)\Microsoft Visual Studio\2019\Community\VC\Tools\MSVC\14.22.27905\include\memory(1555,71): warning C4244:  'argument': conversion from '_Ty' to 'float', possible loss of data
C:\Program Files (x86)\Microsoft Visual Studio\2019\Community\VC\Tools\MSVC\14.22.27905\include\memory(1555,71): warning C4244:         with
C:\Program Files (x86)\Microsoft Visual Studio\2019\Community\VC\Tools\MSVC\14.22.27905\include\memory(1555,71): warning C4244:         [
C:\Program Files (x86)\Microsoft Visual Studio\2019\Community\VC\Tools\MSVC\14.22.27905\include\memory(1555,71): warning C4244:             _Ty=double
C:\Program Files (x86)\Microsoft Visual Studio\2019\Community\VC\Tools\MSVC\14.22.27905\include\memory(1555,71): warning C4244:         ]
C:\Program Files (x86)\Microsoft Visual Studio\2019\Community\VC\Tools\MSVC\14.22.27905\include\memory(1608): message :  see reference to function template instantiation 'std::_Ref_count_obj<_Ty>::_Ref_count_obj<std::shared_ptr<Shaders>&,std::shared_ptr<Font>&,const char(&)[7],TEXT_COLOR,double>(std::shared_ptr<Shaders> &,std::shared_ptr<Font> &,const char (&)[7],TEXT_COLOR &&,double &&)' being compiled
C:\Program Files (x86)\Microsoft Visual Studio\2019\Community\VC\Tools\MSVC\14.22.27905\include\memory(1608): message :         with
C:\Program Files (x86)\Microsoft Visual Studio\2019\Community\VC\Tools\MSVC\14.22.27905\include\memory(1608): message :         [
C:\Program Files (x86)\Microsoft Visual Studio\2019\Community\VC\Tools\MSVC\14.22.27905\include\memory(1608): message :             _Ty=Text
C:\Program Files (x86)\Microsoft Visual Studio\2019\Community\VC\Tools\MSVC\14.22.27905\include\memory(1608): message :         ]
C:\Program Files (x86)\Microsoft Visual Studio\2019\Community\VC\Tools\MSVC\14.22.27905\include\memory(1608): message :  see reference to function template instantiation 'std::_Ref_count_obj<_Ty>::_Ref_count_obj<std::shared_ptr<Shaders>&,std::shared_ptr<Font>&,const char(&)[7],TEXT_COLOR,double>(std::shared_ptr<Shaders> &,std::shared_ptr<Font> &,const char (&)[7],TEXT_COLOR &&,double &&)' being compiled
C:\Program Files (x86)\Microsoft Visual Studio\2019\Community\VC\Tools\MSVC\14.22.27905\include\memory(1608): message :         with
C:\Program Files (x86)\Microsoft Visual Studio\2019\Community\VC\Tools\MSVC\14.22.27905\include\memory(1608): message :         [
C:\Program Files (x86)\Microsoft Visual Studio\2019\Community\VC\Tools\MSVC\14.22.27905\include\memory(1608): message :             _Ty=Text
C:\Program Files (x86)\Microsoft Visual Studio\2019\Community\VC\Tools\MSVC\14.22.27905\include\memory(1608): message :         ]
C:\Users\loana\Downloads\Programming_lesson_08 (1)\Programming\TrainingFramework\src\GameStates\GSPlay.cpp(78): message :  see reference to function template instantiation 'std::shared_ptr<Text> std::make_shared<Text,std::shared_ptr<Shaders>&,std::shared_ptr<Font>&,const char(&)[7],TEXT_COLOR,double>(std::shared_ptr<Shaders> &,std::shared_ptr<Font> &,const char (&)[7],TEXT_COLOR &&,double &&)' being compiled
  TrainingFramework.vcxproj -> C:\Users\loana\Downloads\Programming_lesson_08 (1)\Programming\\BIN-AMD\TrainingFramework.exe
