  Credit.cpp
C:\Users\loana\Downloads\Programming_lesson_08 (1)\Programming\TrainingFramework\src\Helper\ThreadPool.h(37,13): warning C4477:  'printf' : format string '%d' requires an argument of type 'int', but variadic argument 1 has type 'std::thread::id'
C:\Users\loana\Downloads\Programming_lesson_08 (1)\Programming\Soloud\include\soloud.h(37,1): warning C4005:  'WIN32_LEAN_AND_MEAN': macro redefinition
C:\Users\loana\Downloads\Programming_lesson_08 (1)\Programming\Include\AMD\EGL\eglplatform.h(67): message :  see previous definition of 'WIN32_LEAN_AND_MEAN'
C:\Users\loana\Downloads\Programming_lesson_08 (1)\Programming\TrainingFramework\Credit.cpp(23,86): warning C4244:  'argument': conversion from 'int' to 'GLfloat', possible loss of data
C:\Users\loana\Downloads\Programming_lesson_08 (1)\Programming\TrainingFramework\Credit.cpp(23,55): warning C4244:  'argument': conversion from 'int' to 'GLfloat', possible loss of data
C:\Users\loana\Downloads\Programming_lesson_08 (1)\Programming\TrainingFramework\Credit.cpp(63,80): warning C4244:  'argument': conversion from 'int' to 'GLfloat', possible loss of data
C:\Users\loana\Downloads\Programming_lesson_08 (1)\Programming\TrainingFramework\Credit.cpp(63,49): warning C4244:  'argument': conversion from 'int' to 'GLfloat', possible loss of data
C:\Users\loana\Downloads\Programming_lesson_08 (1)\Programming\TrainingFramework\Credit.cpp(74,70): warning C4244:  'argument': conversion from 'int' to 'GLfloat', possible loss of data
C:\Program Files (x86)\Microsoft Visual Studio\2019\Community\VC\Tools\MSVC\14.22.27905\include\memory(1555,71): warning C4244:  'argument': conversion from '_Ty' to 'float', possible loss of data
C:\Program Files (x86)\Microsoft Visual Studio\2019\Community\VC\Tools\MSVC\14.22.27905\include\memory(1555,71): warning C4244:         with
C:\Program Files (x86)\Microsoft Visual Studio\2019\Community\VC\Tools\MSVC\14.22.27905\include\memory(1555,71): warning C4244:         [
C:\Program Files (x86)\Microsoft Visual Studio\2019\Community\VC\Tools\MSVC\14.22.27905\include\memory(1555,71): warning C4244:             _Ty=double
C:\Program Files (x86)\Microsoft Visual Studio\2019\Community\VC\Tools\MSVC\14.22.27905\include\memory(1555,71): warning C4244:         ]
C:\Program Files (x86)\Microsoft Visual Studio\2019\Community\VC\Tools\MSVC\14.22.27905\include\memory(1608): message :  see reference to function template instantiation 'std::_Ref_count_obj<_Ty>::_Ref_count_obj<std::shared_ptr<Shaders>&,std::shared_ptr<Font>&,const char(&)[7],TEXT_COLOR,double>(std::shared_ptr<Shaders> &,std::shared_ptr<Font> &,const char (&)[7],TEXT_COLOR &&,double &&)' being compiled
C:\Program Files (x86)\Microsoft Visual Studio\2019\Community\VC\Tools\MSVC\14.22.27905\include\memory(1608): message :         with
C:\Program Files (x86)\Microsoft Visual Studio\2019\Community\VC\Tools\MSVC\14.22.27905\include\memory(1608): message :         [
C:\Program Files (x86)\Microsoft Visual Studio\2019\Community\VC\Tools\MSVC\14.22.27905\include\memory(1608): message :             _Ty=Text
C:\Program Files (x86)\Microsoft Visual Studio\2019\Community\VC\Tools\MSVC\14.22.27905\include\memory(1608): message :         ]
C:\Program Files (x86)\Microsoft Visual Studio\2019\Community\VC\Tools\MSVC\14.22.27905\include\memory(1608): message :  see reference to function template instantiation 'std::_Ref_count_obj<_Ty>::_Ref_count_obj<std::shared_ptr<Shaders>&,std::shared_ptr<Font>&,const char(&)[7],TEXT_COLOR,double>(std::shared_ptr<Shaders> &,std::shared_ptr<Font> &,const char (&)[7],TEXT_COLOR &&,double &&)' being compiled
C:\Program Files (x86)\Microsoft Visual Studio\2019\Community\VC\Tools\MSVC\14.22.27905\include\memory(1608): message :         with
C:\Program Files (x86)\Microsoft Visual Studio\2019\Community\VC\Tools\MSVC\14.22.27905\include\memory(1608): message :         [
C:\Program Files (x86)\Microsoft Visual Studio\2019\Community\VC\Tools\MSVC\14.22.27905\include\memory(1608): message :             _Ty=Text
C:\Program Files (x86)\Microsoft Visual Studio\2019\Community\VC\Tools\MSVC\14.22.27905\include\memory(1608): message :         ]
  Gameover.cpp
C:\Users\loana\Downloads\Programming_lesson_08 (1)\Programming\TrainingFramework\Credit.cpp(73): message :  see reference to function template instantiation 'std::shared_ptr<Text> std::make_shared<Text,std::shared_ptr<Shaders>&,std::shared_ptr<Font>&,const char(&)[7],TEXT_COLOR,double>(std::shared_ptr<Shaders> &,std::shared_ptr<Font> &,const char (&)[7],TEXT_COLOR &&,double &&)' being compiled
C:\Users\loana\Downloads\Programming_lesson_08 (1)\Programming\TrainingFramework\src\Helper\ThreadPool.h(37,13): warning C4477:  'printf' : format string '%d' requires an argument of type 'int', but variadic argument 1 has type 'std::thread::id'
C:\Users\loana\Downloads\Programming_lesson_08 (1)\Programming\Soloud\include\soloud.h(37,1): warning C4005:  'WIN32_LEAN_AND_MEAN': macro redefinition
C:\Users\loana\Downloads\Programming_lesson_08 (1)\Programming\Include\AMD\EGL\eglplatform.h(67): message :  see previous definition of 'WIN32_LEAN_AND_MEAN'
C:\Users\loana\Downloads\Programming_lesson_08 (1)\Programming\TrainingFramework\Gameover.cpp(22,86): warning C4244:  'argument': conversion from 'int' to 'GLfloat', possible loss of data
C:\Users\loana\Downloads\Programming_lesson_08 (1)\Programming\TrainingFramework\Gameover.cpp(22,55): warning C4244:  'argument': conversion from 'int' to 'GLfloat', possible loss of data
C:\Users\loana\Downloads\Programming_lesson_08 (1)\Programming\TrainingFramework\Gameover.cpp(71,80): warning C4244:  'argument': conversion from 'int' to 'GLfloat', possible loss of data
C:\Users\loana\Downloads\Programming_lesson_08 (1)\Programming\TrainingFramework\Gameover.cpp(71,49): warning C4244:  'argument': conversion from 'int' to 'GLfloat', possible loss of data
C:\Users\loana\Downloads\Programming_lesson_08 (1)\Programming\TrainingFramework\Gameover.cpp(83,70): warning C4244:  'argument': conversion from 'int' to 'GLfloat', possible loss of data
C:\Program Files (x86)\Microsoft Visual Studio\2019\Community\VC\Tools\MSVC\14.22.27905\include\memory(1555,71): warning C4244:  'argument': conversion from '_Ty' to 'float', possible loss of data
C:\Program Files (x86)\Microsoft Visual Studio\2019\Community\VC\Tools\MSVC\14.22.27905\include\memory(1555,71): warning C4244:         with
C:\Program Files (x86)\Microsoft Visual Studio\2019\Community\VC\Tools\MSVC\14.22.27905\include\memory(1555,71): warning C4244:         [
C:\Program Files (x86)\Microsoft Visual Studio\2019\Community\VC\Tools\MSVC\14.22.27905\include\memory(1555,71): warning C4244:             _Ty=double
C:\Program Files (x86)\Microsoft Visual Studio\2019\Community\VC\Tools\MSVC\14.22.27905\include\memory(1555,71): warning C4244:         ]
C:\Program Files (x86)\Microsoft Visual Studio\2019\Community\VC\Tools\MSVC\14.22.27905\include\memory(1608): message :  see reference to function template instantiation 'std::_Ref_count_obj<_Ty>::_Ref_count_obj<std::shared_ptr<Shaders>&,std::shared_ptr<Font>&,const char(&)[10],TEXT_COLOR,double>(std::shared_ptr<Shaders> &,std::shared_ptr<Font> &,const char (&)[10],TEXT_COLOR &&,double &&)' being compiled
C:\Program Files (x86)\Microsoft Visual Studio\2019\Community\VC\Tools\MSVC\14.22.27905\include\memory(1608): message :         with
C:\Program Files (x86)\Microsoft Visual Studio\2019\Community\VC\Tools\MSVC\14.22.27905\include\memory(1608): message :         [
C:\Program Files (x86)\Microsoft Visual Studio\2019\Community\VC\Tools\MSVC\14.22.27905\include\memory(1608): message :             _Ty=Text
C:\Program Files (x86)\Microsoft Visual Studio\2019\Community\VC\Tools\MSVC\14.22.27905\include\memory(1608): message :         ]
C:\Program Files (x86)\Microsoft Visual Studio\2019\Community\VC\Tools\MSVC\14.22.27905\include\memory(1608): message :  see reference to function template instantiation 'std::_Ref_count_obj<_Ty>::_Ref_count_obj<std::shared_ptr<Shaders>&,std::shared_ptr<Font>&,const char(&)[10],TEXT_COLOR,double>(std::shared_ptr<Shaders> &,std::shared_ptr<Font> &,const char (&)[10],TEXT_COLOR &&,double &&)' being compiled
C:\Program Files (x86)\Microsoft Visual Studio\2019\Community\VC\Tools\MSVC\14.22.27905\include\memory(1608): message :         with
C:\Program Files (x86)\Microsoft Visual Studio\2019\Community\VC\Tools\MSVC\14.22.27905\include\memory(1608): message :         [
C:\Program Files (x86)\Microsoft Visual Studio\2019\Community\VC\Tools\MSVC\14.22.27905\include\memory(1608): message :             _Ty=Text
C:\Program Files (x86)\Microsoft Visual Studio\2019\Community\VC\Tools\MSVC\14.22.27905\include\memory(1608): message :         ]
  Option.cpp
C:\Users\loana\Downloads\Programming_lesson_08 (1)\Programming\TrainingFramework\Gameover.cpp(82): message :  see reference to function template instantiation 'std::shared_ptr<Text> std::make_shared<Text,std::shared_ptr<Shaders>&,std::shared_ptr<Font>&,const char(&)[10],TEXT_COLOR,double>(std::shared_ptr<Shaders> &,std::shared_ptr<Font> &,const char (&)[10],TEXT_COLOR &&,double &&)' being compiled
C:\Users\loana\Downloads\Programming_lesson_08 (1)\Programming\TrainingFramework\src\Helper\ThreadPool.h(37,13): warning C4477:  'printf' : format string '%d' requires an argument of type 'int', but variadic argument 1 has type 'std::thread::id'
C:\Users\loana\Downloads\Programming_lesson_08 (1)\Programming\Soloud\include\soloud.h(37,1): warning C4005:  'WIN32_LEAN_AND_MEAN': macro redefinition
C:\Users\loana\Downloads\Programming_lesson_08 (1)\Programming\Include\AMD\EGL\eglplatform.h(67): message :  see previous definition of 'WIN32_LEAN_AND_MEAN'
C:\Users\loana\Downloads\Programming_lesson_08 (1)\Programming\TrainingFramework\Option.cpp(22,86): warning C4244:  'argument': conversion from 'int' to 'GLfloat', possible loss of data
C:\Users\loana\Downloads\Programming_lesson_08 (1)\Programming\TrainingFramework\Option.cpp(22,55): warning C4244:  'argument': conversion from 'int' to 'GLfloat', possible loss of data
C:\Users\loana\Downloads\Programming_lesson_08 (1)\Programming\TrainingFramework\Option.cpp(75,80): warning C4244:  'argument': conversion from 'int' to 'GLfloat', possible loss of data
C:\Users\loana\Downloads\Programming_lesson_08 (1)\Programming\TrainingFramework\Option.cpp(75,49): warning C4244:  'argument': conversion from 'int' to 'GLfloat', possible loss of data
C:\Users\loana\Downloads\Programming_lesson_08 (1)\Programming\TrainingFramework\Option.cpp(86,70): warning C4244:  'argument': conversion from 'int' to 'GLfloat', possible loss of data
C:\Program Files (x86)\Microsoft Visual Studio\2019\Community\VC\Tools\MSVC\14.22.27905\include\memory(1555,71): warning C4244:  'argument': conversion from '_Ty' to 'float', possible loss of data
C:\Program Files (x86)\Microsoft Visual Studio\2019\Community\VC\Tools\MSVC\14.22.27905\include\memory(1555,71): warning C4244:         with
C:\Program Files (x86)\Microsoft Visual Studio\2019\Community\VC\Tools\MSVC\14.22.27905\include\memory(1555,71): warning C4244:         [
C:\Program Files (x86)\Microsoft Visual Studio\2019\Community\VC\Tools\MSVC\14.22.27905\include\memory(1555,71): warning C4244:             _Ty=double
C:\Program Files (x86)\Microsoft Visual Studio\2019\Community\VC\Tools\MSVC\14.22.27905\include\memory(1555,71): warning C4244:         ]
C:\Program Files (x86)\Microsoft Visual Studio\2019\Community\VC\Tools\MSVC\14.22.27905\include\memory(1608): message :  see reference to function template instantiation 'std::_Ref_count_obj<_Ty>::_Ref_count_obj<std::shared_ptr<Shaders>&,std::shared_ptr<Font>&,const char(&)[7],TEXT_COLOR,double>(std::shared_ptr<Shaders> &,std::shared_ptr<Font> &,const char (&)[7],TEXT_COLOR &&,double &&)' being compiled
C:\Program Files (x86)\Microsoft Visual Studio\2019\Community\VC\Tools\MSVC\14.22.27905\include\memory(1608): message :         with
C:\Program Files (x86)\Microsoft Visual Studio\2019\Community\VC\Tools\MSVC\14.22.27905\include\memory(1608): message :         [
C:\Program Files (x86)\Microsoft Visual Studio\2019\Community\VC\Tools\MSVC\14.22.27905\include\memory(1608): message :             _Ty=Text
C:\Program Files (x86)\Microsoft Visual Studio\2019\Community\VC\Tools\MSVC\14.22.27905\include\memory(1608): message :         ]
C:\Program Files (x86)\Microsoft Visual Studio\2019\Community\VC\Tools\MSVC\14.22.27905\include\memory(1608): message :  see reference to function template instantiation 'std::_Ref_count_obj<_Ty>::_Ref_count_obj<std::shared_ptr<Shaders>&,std::shared_ptr<Font>&,const char(&)[7],TEXT_COLOR,double>(std::shared_ptr<Shaders> &,std::shared_ptr<Font> &,const char (&)[7],TEXT_COLOR &&,double &&)' being compiled
C:\Program Files (x86)\Microsoft Visual Studio\2019\Community\VC\Tools\MSVC\14.22.27905\include\memory(1608): message :         with
C:\Program Files (x86)\Microsoft Visual Studio\2019\Community\VC\Tools\MSVC\14.22.27905\include\memory(1608): message :         [
C:\Program Files (x86)\Microsoft Visual Studio\2019\Community\VC\Tools\MSVC\14.22.27905\include\memory(1608): message :             _Ty=Text
C:\Program Files (x86)\Microsoft Visual Studio\2019\Community\VC\Tools\MSVC\14.22.27905\include\memory(1608): message :         ]
  Samurai.cpp
C:\Users\loana\Downloads\Programming_lesson_08 (1)\Programming\TrainingFramework\Option.cpp(85): message :  see reference to function template instantiation 'std::shared_ptr<Text> std::make_shared<Text,std::shared_ptr<Shaders>&,std::shared_ptr<Font>&,const char(&)[7],TEXT_COLOR,double>(std::shared_ptr<Shaders> &,std::shared_ptr<Font> &,const char (&)[7],TEXT_COLOR &&,double &&)' being compiled
C:\Users\loana\Downloads\Programming_lesson_08 (1)\Programming\TrainingFramework\src\Helper\ThreadPool.h(37,13): warning C4477:  'printf' : format string '%d' requires an argument of type 'int', but variadic argument 1 has type 'std::thread::id'
C:\Users\loana\Downloads\Programming_lesson_08 (1)\Programming\Soloud\include\soloud.h(37,1): warning C4005:  'WIN32_LEAN_AND_MEAN': macro redefinition
C:\Users\loana\Downloads\Programming_lesson_08 (1)\Programming\Include\AMD\EGL\eglplatform.h(67): message :  see previous definition of 'WIN32_LEAN_AND_MEAN'
  Application.cpp
C:\Users\loana\Downloads\Programming_lesson_08 (1)\Programming\TrainingFramework\Samurai.cpp(62,34): warning C4244:  '-=': conversion from 'float' to 'int', possible loss of data
C:\Users\loana\Downloads\Programming_lesson_08 (1)\Programming\TrainingFramework\src\Helper\ThreadPool.h(37,13): warning C4477:  'printf' : format string '%d' requires an argument of type 'int', but variadic argument 1 has type 'std::thread::id'
C:\Users\loana\Downloads\Programming_lesson_08 (1)\Programming\Soloud\include\soloud.h(37,1): warning C4005:  'WIN32_LEAN_AND_MEAN': macro redefinition
  ResourceManagers.cpp
C:\Users\loana\Downloads\Programming_lesson_08 (1)\Programming\Include\AMD\EGL\eglplatform.h(67): message :  see previous definition of 'WIN32_LEAN_AND_MEAN'
C:\Users\loana\Downloads\Programming_lesson_08 (1)\Programming\TrainingFramework\src\Helper\ThreadPool.h(37,13): warning C4477:  'printf' : format string '%d' requires an argument of type 'int', but variadic argument 1 has type 'std::thread::id'
C:\Users\loana\Downloads\Programming_lesson_08 (1)\Programming\Soloud\include\soloud.h(37,1): warning C4005:  'WIN32_LEAN_AND_MEAN': macro redefinition
  SoundManager.cpp
C:\Users\loana\Downloads\Programming_lesson_08 (1)\Programming\Include\AMD\EGL\eglplatform.h(67): message :  see previous definition of 'WIN32_LEAN_AND_MEAN'
C:\Users\loana\Downloads\Programming_lesson_08 (1)\Programming\TrainingFramework\src\Helper\ThreadPool.h(37,13): warning C4477:  'printf' : format string '%d' requires an argument of type 'int', but variadic argument 1 has type 'std::thread::id'
C:\Users\loana\Downloads\Programming_lesson_08 (1)\Programming\Soloud\include\soloud.h(37,1): warning C4005:  'WIN32_LEAN_AND_MEAN': macro redefinition
  Enermy.cpp
C:\Users\loana\Downloads\Programming_lesson_08 (1)\Programming\Include\AMD\EGL\eglplatform.h(67): message :  see previous definition of 'WIN32_LEAN_AND_MEAN'
C:\Users\loana\Downloads\Programming_lesson_08 (1)\Programming\TrainingFramework\src\Helper\ThreadPool.h(37,13): warning C4477:  'printf' : format string '%d' requires an argument of type 'int', but variadic argument 1 has type 'std::thread::id'
C:\Users\loana\Downloads\Programming_lesson_08 (1)\Programming\Soloud\include\soloud.h(37,1): warning C4005:  'WIN32_LEAN_AND_MEAN': macro redefinition
C:\Users\loana\Downloads\Programming_lesson_08 (1)\Programming\Include\AMD\EGL\eglplatform.h(67): message :  see previous definition of 'WIN32_LEAN_AND_MEAN'
  Player.cpp
C:\Users\loana\Downloads\Programming_lesson_08 (1)\Programming\TrainingFramework\src\GameObject\Enermy.cpp(99,34): warning C4244:  '-=': conversion from 'float' to 'int', possible loss of data
C:\Users\loana\Downloads\Programming_lesson_08 (1)\Programming\TrainingFramework\src\Helper\ThreadPool.h(37,13): warning C4477:  'printf' : format string '%d' requires an argument of type 'int', but variadic argument 1 has type 'std::thread::id'
C:\Users\loana\Downloads\Programming_lesson_08 (1)\Programming\Soloud\include\soloud.h(37,1): warning C4005:  'WIN32_LEAN_AND_MEAN': macro redefinition
C:\Users\loana\Downloads\Programming_lesson_08 (1)\Programming\Include\AMD\EGL\eglplatform.h(67): message :  see previous definition of 'WIN32_LEAN_AND_MEAN'
C:\Users\loana\Downloads\Programming_lesson_08 (1)\Programming\TrainingFramework\src\GameObject\Player.cpp(9,21): warning C4305:  '=': truncation from 'double' to 'float'
C:\Users\loana\Downloads\Programming_lesson_08 (1)\Programming\TrainingFramework\src\GameObject\Player.cpp(146,34): warning C4244:  '-=': conversion from 'float' to 'int', possible loss of data
C:\Users\loana\Downloads\Programming_lesson_08 (1)\Programming\TrainingFramework\src\GameObject\Player.cpp(163,34): warning C4244:  '-=': conversion from 'float' to 'int', possible loss of data
C:\Program Files (x86)\Microsoft Visual Studio\2019\Community\VC\Tools\MSVC\14.22.27905\include\memory(1555,71): warning C4244:  'argument': conversion from '_Ty' to 'float', possible loss of data
C:\Program Files (x86)\Microsoft Visual Studio\2019\Community\VC\Tools\MSVC\14.22.27905\include\memory(1555,71): warning C4244:         with
C:\Program Files (x86)\Microsoft Visual Studio\2019\Community\VC\Tools\MSVC\14.22.27905\include\memory(1555,71): warning C4244:         [
C:\Program Files (x86)\Microsoft Visual Studio\2019\Community\VC\Tools\MSVC\14.22.27905\include\memory(1555,71): warning C4244:             _Ty=double
C:\Program Files (x86)\Microsoft Visual Studio\2019\Community\VC\Tools\MSVC\14.22.27905\include\memory(1555,71): warning C4244:         ]
C:\Program Files (x86)\Microsoft Visual Studio\2019\Community\VC\Tools\MSVC\14.22.27905\include\memory(1608): message :  see reference to function template instantiation 'std::_Ref_count_obj<_Ty>::_Ref_count_obj<std::shared_ptr<Models>&,std::shared_ptr<Shaders>&,std::shared_ptr<Texture>&,Vector2,Vector2,int,int,double>(std::shared_ptr<Models> &,std::shared_ptr<Shaders> &,std::shared_ptr<Texture> &,Vector2 &&,Vector2 &&,int &&,int &&,double &&)' being compiled
C:\Program Files (x86)\Microsoft Visual Studio\2019\Community\VC\Tools\MSVC\14.22.27905\include\memory(1608): message :         with
C:\Program Files (x86)\Microsoft Visual Studio\2019\Community\VC\Tools\MSVC\14.22.27905\include\memory(1608): message :         [
C:\Program Files (x86)\Microsoft Visual Studio\2019\Community\VC\Tools\MSVC\14.22.27905\include\memory(1608): message :             _Ty=ExplosiveEffect
C:\Program Files (x86)\Microsoft Visual Studio\2019\Community\VC\Tools\MSVC\14.22.27905\include\memory(1608): message :         ]
C:\Program Files (x86)\Microsoft Visual Studio\2019\Community\VC\Tools\MSVC\14.22.27905\include\memory(1608): message :  see reference to function template instantiation 'std::_Ref_count_obj<_Ty>::_Ref_count_obj<std::shared_ptr<Models>&,std::shared_ptr<Shaders>&,std::shared_ptr<Texture>&,Vector2,Vector2,int,int,double>(std::shared_ptr<Models> &,std::shared_ptr<Shaders> &,std::shared_ptr<Texture> &,Vector2 &&,Vector2 &&,int &&,int &&,double &&)' being compiled
C:\Program Files (x86)\Microsoft Visual Studio\2019\Community\VC\Tools\MSVC\14.22.27905\include\memory(1608): message :         with
C:\Program Files (x86)\Microsoft Visual Studio\2019\Community\VC\Tools\MSVC\14.22.27905\include\memory(1608): message :         [
C:\Program Files (x86)\Microsoft Visual Studio\2019\Community\VC\Tools\MSVC\14.22.27905\include\memory(1608): message :             _Ty=ExplosiveEffect
C:\Program Files (x86)\Microsoft Visual Studio\2019\Community\VC\Tools\MSVC\14.22.27905\include\memory(1608): message :         ]
  GSIntro.cpp
C:\Users\loana\Downloads\Programming_lesson_08 (1)\Programming\TrainingFramework\src\GameObject\Player.cpp(119): message :  see reference to function template instantiation 'std::shared_ptr<ExplosiveEffect> std::make_shared<ExplosiveEffect,std::shared_ptr<Models>&,std::shared_ptr<Shaders>&,std::shared_ptr<Texture>&,Vector2,Vector2,int,int,double>(std::shared_ptr<Models> &,std::shared_ptr<Shaders> &,std::shared_ptr<Texture> &,Vector2 &&,Vector2 &&,int &&,int &&,double &&)' being compiled
C:\Users\loana\Downloads\Programming_lesson_08 (1)\Programming\TrainingFramework\src\Helper\ThreadPool.h(37,13): warning C4477:  'printf' : format string '%d' requires an argument of type 'int', but variadic argument 1 has type 'std::thread::id'
C:\Users\loana\Downloads\Programming_lesson_08 (1)\Programming\Soloud\include\soloud.h(37,1): warning C4005:  'WIN32_LEAN_AND_MEAN': macro redefinition
C:\Users\loana\Downloads\Programming_lesson_08 (1)\Programming\Include\AMD\EGL\eglplatform.h(67): message :  see previous definition of 'WIN32_LEAN_AND_MEAN'
C:\Users\loana\Downloads\Programming_lesson_08 (1)\Programming\TrainingFramework\src\GameStates\GSIntro.cpp(21,86): warning C4244:  'argument': conversion from 'int' to 'GLfloat', possible loss of data
C:\Users\loana\Downloads\Programming_lesson_08 (1)\Programming\TrainingFramework\src\GameStates\GSIntro.cpp(21,55): warning C4244:  'argument': conversion from 'int' to 'GLfloat', possible loss of data
C:\Users\loana\Downloads\Programming_lesson_08 (1)\Programming\TrainingFramework\src\GameStates\GSIntro.cpp(47,70): warning C4244:  'argument': conversion from 'int' to 'GLfloat', possible loss of data
C:\Program Files (x86)\Microsoft Visual Studio\2019\Community\VC\Tools\MSVC\14.22.27905\include\memory(1555,71): warning C4244:  'argument': conversion from '_Ty' to 'float', possible loss of data
C:\Program Files (x86)\Microsoft Visual Studio\2019\Community\VC\Tools\MSVC\14.22.27905\include\memory(1555,71): warning C4244:         with
C:\Program Files (x86)\Microsoft Visual Studio\2019\Community\VC\Tools\MSVC\14.22.27905\include\memory(1555,71): warning C4244:         [
C:\Program Files (x86)\Microsoft Visual Studio\2019\Community\VC\Tools\MSVC\14.22.27905\include\memory(1555,71): warning C4244:             _Ty=double
C:\Program Files (x86)\Microsoft Visual Studio\2019\Community\VC\Tools\MSVC\14.22.27905\include\memory(1555,71): warning C4244:         ]
C:\Program Files (x86)\Microsoft Visual Studio\2019\Community\VC\Tools\MSVC\14.22.27905\include\memory(1608): message :  see reference to function template instantiation 'std::_Ref_count_obj<_Ty>::_Ref_count_obj<std::shared_ptr<Shaders>&,std::shared_ptr<Font>&,const char(&)[7],TEXT_COLOR,double>(std::shared_ptr<Shaders> &,std::shared_ptr<Font> &,const char (&)[7],TEXT_COLOR &&,double &&)' being compiled
C:\Program Files (x86)\Microsoft Visual Studio\2019\Community\VC\Tools\MSVC\14.22.27905\include\memory(1608): message :         with
C:\Program Files (x86)\Microsoft Visual Studio\2019\Community\VC\Tools\MSVC\14.22.27905\include\memory(1608): message :         [
C:\Program Files (x86)\Microsoft Visual Studio\2019\Community\VC\Tools\MSVC\14.22.27905\include\memory(1608): message :             _Ty=Text
C:\Program Files (x86)\Microsoft Visual Studio\2019\Community\VC\Tools\MSVC\14.22.27905\include\memory(1608): message :         ]
C:\Program Files (x86)\Microsoft Visual Studio\2019\Community\VC\Tools\MSVC\14.22.27905\include\memory(1608): message :  see reference to function template instantiation 'std::_Ref_count_obj<_Ty>::_Ref_count_obj<std::shared_ptr<Shaders>&,std::shared_ptr<Font>&,const char(&)[7],TEXT_COLOR,double>(std::shared_ptr<Shaders> &,std::shared_ptr<Font> &,const char (&)[7],TEXT_COLOR &&,double &&)' being compiled
C:\Program Files (x86)\Microsoft Visual Studio\2019\Community\VC\Tools\MSVC\14.22.27905\include\memory(1608): message :         with
C:\Program Files (x86)\Microsoft Visual Studio\2019\Community\VC\Tools\MSVC\14.22.27905\include\memory(1608): message :         [
C:\Program Files (x86)\Microsoft Visual Studio\2019\Community\VC\Tools\MSVC\14.22.27905\include\memory(1608): message :             _Ty=Text
C:\Program Files (x86)\Microsoft Visual Studio\2019\Community\VC\Tools\MSVC\14.22.27905\include\memory(1608): message :         ]
  GSMenu.cpp
C:\Users\loana\Downloads\Programming_lesson_08 (1)\Programming\TrainingFramework\src\GameStates\GSIntro.cpp(46): message :  see reference to function template instantiation 'std::shared_ptr<Text> std::make_shared<Text,std::shared_ptr<Shaders>&,std::shared_ptr<Font>&,const char(&)[7],TEXT_COLOR,double>(std::shared_ptr<Shaders> &,std::shared_ptr<Font> &,const char (&)[7],TEXT_COLOR &&,double &&)' being compiled
C:\Users\loana\Downloads\Programming_lesson_08 (1)\Programming\TrainingFramework\src\Helper\ThreadPool.h(37,13): warning C4477:  'printf' : format string '%d' requires an argument of type 'int', but variadic argument 1 has type 'std::thread::id'
C:\Users\loana\Downloads\Programming_lesson_08 (1)\Programming\Soloud\include\soloud.h(37,1): warning C4005:  'WIN32_LEAN_AND_MEAN': macro redefinition
C:\Users\loana\Downloads\Programming_lesson_08 (1)\Programming\Include\AMD\EGL\eglplatform.h(67): message :  see previous definition of 'WIN32_LEAN_AND_MEAN'
C:\Users\loana\Downloads\Programming_lesson_08 (1)\Programming\TrainingFramework\src\GameStates\GSMenu.cpp(23,86): warning C4244:  'argument': conversion from 'int' to 'GLfloat', possible loss of data
C:\Users\loana\Downloads\Programming_lesson_08 (1)\Programming\TrainingFramework\src\GameStates\GSMenu.cpp(23,55): warning C4244:  'argument': conversion from 'int' to 'GLfloat', possible loss of data
C:\Users\loana\Downloads\Programming_lesson_08 (1)\Programming\TrainingFramework\src\GameStates\GSMenu.cpp(30,49): warning C4244:  'argument': conversion from 'int' to 'GLfloat', possible loss of data
C:\Users\loana\Downloads\Programming_lesson_08 (1)\Programming\TrainingFramework\src\GameStates\GSMenu.cpp(41,49): warning C4244:  'argument': conversion from 'int' to 'GLfloat', possible loss of data
C:\Users\loana\Downloads\Programming_lesson_08 (1)\Programming\TrainingFramework\src\GameStates\GSMenu.cpp(51,49): warning C4244:  'argument': conversion from 'int' to 'GLfloat', possible loss of data
C:\Users\loana\Downloads\Programming_lesson_08 (1)\Programming\TrainingFramework\src\GameStates\GSMenu.cpp(60,49): warning C4244:  'argument': conversion from 'int' to 'GLfloat', possible loss of data
C:\Users\loana\Downloads\Programming_lesson_08 (1)\Programming\TrainingFramework\src\GameStates\GSMenu.cpp(71,70): warning C4244:  'argument': conversion from 'int' to 'GLfloat', possible loss of data
C:\Program Files (x86)\Microsoft Visual Studio\2019\Community\VC\Tools\MSVC\14.22.27905\include\memory(1555,71): warning C4244:  'argument': conversion from '_Ty' to 'float', possible loss of data
C:\Program Files (x86)\Microsoft Visual Studio\2019\Community\VC\Tools\MSVC\14.22.27905\include\memory(1555,71): warning C4244:         with
C:\Program Files (x86)\Microsoft Visual Studio\2019\Community\VC\Tools\MSVC\14.22.27905\include\memory(1555,71): warning C4244:         [
C:\Program Files (x86)\Microsoft Visual Studio\2019\Community\VC\Tools\MSVC\14.22.27905\include\memory(1555,71): warning C4244:             _Ty=double
C:\Program Files (x86)\Microsoft Visual Studio\2019\Community\VC\Tools\MSVC\14.22.27905\include\memory(1555,71): warning C4244:         ]
C:\Program Files (x86)\Microsoft Visual Studio\2019\Community\VC\Tools\MSVC\14.22.27905\include\memory(1608): message :  see reference to function template instantiation 'std::_Ref_count_obj<_Ty>::_Ref_count_obj<std::shared_ptr<Shaders>&,std::shared_ptr<Font>&,const char(&)[9],TEXT_COLOR,double>(std::shared_ptr<Shaders> &,std::shared_ptr<Font> &,const char (&)[9],TEXT_COLOR &&,double &&)' being compiled
C:\Program Files (x86)\Microsoft Visual Studio\2019\Community\VC\Tools\MSVC\14.22.27905\include\memory(1608): message :         with
C:\Program Files (x86)\Microsoft Visual Studio\2019\Community\VC\Tools\MSVC\14.22.27905\include\memory(1608): message :         [
C:\Program Files (x86)\Microsoft Visual Studio\2019\Community\VC\Tools\MSVC\14.22.27905\include\memory(1608): message :             _Ty=Text
C:\Program Files (x86)\Microsoft Visual Studio\2019\Community\VC\Tools\MSVC\14.22.27905\include\memory(1608): message :         ]
C:\Program Files (x86)\Microsoft Visual Studio\2019\Community\VC\Tools\MSVC\14.22.27905\include\memory(1608): message :  see reference to function template instantiation 'std::_Ref_count_obj<_Ty>::_Ref_count_obj<std::shared_ptr<Shaders>&,std::shared_ptr<Font>&,const char(&)[9],TEXT_COLOR,double>(std::shared_ptr<Shaders> &,std::shared_ptr<Font> &,const char (&)[9],TEXT_COLOR &&,double &&)' being compiled
C:\Program Files (x86)\Microsoft Visual Studio\2019\Community\VC\Tools\MSVC\14.22.27905\include\memory(1608): message :         with
C:\Program Files (x86)\Microsoft Visual Studio\2019\Community\VC\Tools\MSVC\14.22.27905\include\memory(1608): message :         [
C:\Program Files (x86)\Microsoft Visual Studio\2019\Community\VC\Tools\MSVC\14.22.27905\include\memory(1608): message :             _Ty=Text
C:\Program Files (x86)\Microsoft Visual Studio\2019\Community\VC\Tools\MSVC\14.22.27905\include\memory(1608): message :         ]
  GSPlay.cpp
C:\Users\loana\Downloads\Programming_lesson_08 (1)\Programming\TrainingFramework\src\GameStates\GSMenu.cpp(70): message :  see reference to function template instantiation 'std::shared_ptr<Text> std::make_shared<Text,std::shared_ptr<Shaders>&,std::shared_ptr<Font>&,const char(&)[9],TEXT_COLOR,double>(std::shared_ptr<Shaders> &,std::shared_ptr<Font> &,const char (&)[9],TEXT_COLOR &&,double &&)' being compiled
C:\Users\loana\Downloads\Programming_lesson_08 (1)\Programming\TrainingFramework\src\Helper\ThreadPool.h(37,13): warning C4477:  'printf' : format string '%d' requires an argument of type 'int', but variadic argument 1 has type 'std::thread::id'
C:\Users\loana\Downloads\Programming_lesson_08 (1)\Programming\Soloud\include\soloud.h(37,1): warning C4005:  'WIN32_LEAN_AND_MEAN': macro redefinition
C:\Users\loana\Downloads\Programming_lesson_08 (1)\Programming\Include\AMD\EGL\eglplatform.h(67): message :  see previous definition of 'WIN32_LEAN_AND_MEAN'
C:\Users\loana\Downloads\Programming_lesson_08 (1)\Programming\TrainingFramework\src\GameStates\GSPlay.cpp(43,86): warning C4244:  'argument': conversion from 'int' to 'GLfloat', possible loss of data
C:\Users\loana\Downloads\Programming_lesson_08 (1)\Programming\TrainingFramework\src\GameStates\GSPlay.cpp(43,55): warning C4244:  'argument': conversion from 'int' to 'GLfloat', possible loss of data
C:\Users\loana\Downloads\Programming_lesson_08 (1)\Programming\TrainingFramework\src\GameStates\GSPlay.cpp(54,82): warning C4244:  'argument': conversion from 'int' to 'GLfloat', possible loss of data
C:\Users\loana\Downloads\Programming_lesson_08 (1)\Programming\TrainingFramework\src\GameStates\GSPlay.cpp(54,51): warning C4244:  'argument': conversion from 'int' to 'GLfloat', possible loss of data
C:\Users\loana\Downloads\Programming_lesson_08 (1)\Programming\TrainingFramework\src\GameStates\GSPlay.cpp(55,92): warning C4244:  'argument': conversion from 'int' to 'GLfloat', possible loss of data
C:\Users\loana\Downloads\Programming_lesson_08 (1)\Programming\TrainingFramework\src\GameStates\GSPlay.cpp(55,61): warning C4244:  'argument': conversion from 'int' to 'GLfloat', possible loss of data
C:\Users\loana\Downloads\Programming_lesson_08 (1)\Programming\TrainingFramework\src\GameStates\GSPlay.cpp(227,25): warning C4305:  'argument': truncation from 'double' to 'float'
C:\Users\loana\Downloads\Programming_lesson_08 (1)\Programming\TrainingFramework\src\GameStates\GSPlay.cpp(247,39): warning C4244:  'argument': conversion from 'int' to 'GLfloat', possible loss of data
C:\Users\loana\Downloads\Programming_lesson_08 (1)\Programming\TrainingFramework\src\GameStates\GSPlay.cpp(247,36): warning C4244:  'argument': conversion from 'int' to 'GLfloat', possible loss of data
C:\Users\loana\Downloads\Programming_lesson_08 (1)\Programming\TrainingFramework\src\GameStates\GSPlay.cpp(266,24): warning C4305:  '=': truncation from 'double' to 'float'
C:\Users\loana\Downloads\Programming_lesson_08 (1)\Programming\TrainingFramework\src\GameStates\GSPlay.cpp(419,9): warning C4244:  '=': conversion from 'int' to 'GLfloat', possible loss of data
C:\Program Files (x86)\Microsoft Visual Studio\2019\Community\VC\Tools\MSVC\14.22.27905\include\memory(1555,71): warning C4244:  'argument': conversion from '_Ty' to 'float', possible loss of data
C:\Program Files (x86)\Microsoft Visual Studio\2019\Community\VC\Tools\MSVC\14.22.27905\include\memory(1555,71): warning C4244:         with
C:\Program Files (x86)\Microsoft Visual Studio\2019\Community\VC\Tools\MSVC\14.22.27905\include\memory(1555,71): warning C4244:         [
C:\Program Files (x86)\Microsoft Visual Studio\2019\Community\VC\Tools\MSVC\14.22.27905\include\memory(1555,71): warning C4244:             _Ty=double
C:\Program Files (x86)\Microsoft Visual Studio\2019\Community\VC\Tools\MSVC\14.22.27905\include\memory(1555,71): warning C4244:         ]
C:\Program Files (x86)\Microsoft Visual Studio\2019\Community\VC\Tools\MSVC\14.22.27905\include\memory(1608): message :  see reference to function template instantiation 'std::_Ref_count_obj<_Ty>::_Ref_count_obj<std::shared_ptr<Shaders>&,std::shared_ptr<Font>&,const char(&)[7],TEXT_COLOR,double>(std::shared_ptr<Shaders> &,std::shared_ptr<Font> &,const char (&)[7],TEXT_COLOR &&,double &&)' being compiled
C:\Program Files (x86)\Microsoft Visual Studio\2019\Community\VC\Tools\MSVC\14.22.27905\include\memory(1608): message :         with
C:\Program Files (x86)\Microsoft Visual Studio\2019\Community\VC\Tools\MSVC\14.22.27905\include\memory(1608): message :         [
C:\Program Files (x86)\Microsoft Visual Studio\2019\Community\VC\Tools\MSVC\14.22.27905\include\memory(1608): message :             _Ty=Text
C:\Program Files (x86)\Microsoft Visual Studio\2019\Community\VC\Tools\MSVC\14.22.27905\include\memory(1608): message :         ]
C:\Program Files (x86)\Microsoft Visual Studio\2019\Community\VC\Tools\MSVC\14.22.27905\include\memory(1608): message :  see reference to function template instantiation 'std::_Ref_count_obj<_Ty>::_Ref_count_obj<std::shared_ptr<Shaders>&,std::shared_ptr<Font>&,const char(&)[7],TEXT_COLOR,double>(std::shared_ptr<Shaders> &,std::shared_ptr<Font> &,const char (&)[7],TEXT_COLOR &&,double &&)' being compiled
C:\Program Files (x86)\Microsoft Visual Studio\2019\Community\VC\Tools\MSVC\14.22.27905\include\memory(1608): message :         with
C:\Program Files (x86)\Microsoft Visual Studio\2019\Community\VC\Tools\MSVC\14.22.27905\include\memory(1608): message :         [
C:\Program Files (x86)\Microsoft Visual Studio\2019\Community\VC\Tools\MSVC\14.22.27905\include\memory(1608): message :             _Ty=Text
C:\Program Files (x86)\Microsoft Visual Studio\2019\Community\VC\Tools\MSVC\14.22.27905\include\memory(1608): message :         ]
  GameStateMachine.cpp
C:\Users\loana\Downloads\Programming_lesson_08 (1)\Programming\TrainingFramework\src\GameStates\GSPlay.cpp(120): message :  see reference to function template instantiation 'std::shared_ptr<Text> std::make_shared<Text,std::shared_ptr<Shaders>&,std::shared_ptr<Font>&,const char(&)[7],TEXT_COLOR,double>(std::shared_ptr<Shaders> &,std::shared_ptr<Font> &,const char (&)[7],TEXT_COLOR &&,double &&)' being compiled
C:\Users\loana\Downloads\Programming_lesson_08 (1)\Programming\TrainingFramework\src\Helper\ThreadPool.h(37,13): warning C4477:  'printf' : format string '%d' requires an argument of type 'int', but variadic argument 1 has type 'std::thread::id'
C:\Users\loana\Downloads\Programming_lesson_08 (1)\Programming\Soloud\include\soloud.h(37,1): warning C4005:  'WIN32_LEAN_AND_MEAN': macro redefinition
  GameStatebase.cpp
C:\Users\loana\Downloads\Programming_lesson_08 (1)\Programming\Include\AMD\EGL\eglplatform.h(67): message :  see previous definition of 'WIN32_LEAN_AND_MEAN'
C:\Users\loana\Downloads\Programming_lesson_08 (1)\Programming\TrainingFramework\src\Helper\ThreadPool.h(37,13): warning C4477:  'printf' : format string '%d' requires an argument of type 'int', but variadic argument 1 has type 'std::thread::id'
C:\Users\loana\Downloads\Programming_lesson_08 (1)\Programming\Soloud\include\soloud.h(37,1): warning C4005:  'WIN32_LEAN_AND_MEAN': macro redefinition
C:\Users\loana\Downloads\Programming_lesson_08 (1)\Programming\Include\AMD\EGL\eglplatform.h(67): message :  see previous definition of 'WIN32_LEAN_AND_MEAN'
LINK : warning LNK4098: defaultlib 'LIBCMT' conflicts with use of other libs; use /NODEFAULTLIB:library
  Generating code
  6 of 2077 functions ( 0.3%) were compiled, the rest were copied from previous compilation.
    0 functions were new in current compilation
    21 functions had inline decision re-evaluated but remain unchanged
  Finished generating code
  TrainingFramework.vcxproj -> C:\Users\loana\Downloads\Programming_lesson_08 (1)\Programming\\BIN-Nvidia\TrainingFramework.exe
